<?xml version="1.0" encoding="UTF-8"?>
<!-- Generated by org.testng.reporters.JUnitXMLReporter -->
<testsuite hostname="Mohammeds-MBP-2.home" ignored="0" name="CreateAccountTest" tests="4" failures="1" timestamp="2021-02-16T14:43:26 EST" time="10.24" errors="0">
  <testcase name="getPageTitle" time="0.011" classname="com.shift.testcases.CreateAccountTest"/>
  <testcase name="cliclOnSignInLinkTest" time="2.246" classname="com.shift.testcases.CreateAccountTest">
    <failure type="java.lang.AssertionError" message="expected [true] but found [false]">
      <![CDATA[java.lang.AssertionError: expected [true] but found [false]
at com.shift.testcases.CreateAccountTest.cliclOnSignInLinkTest(CreateAccountTest.java:23)
at java.util.ArrayList.forEach(ArrayList.java:1257)
... Removed 31 stack frames]]>
    </failure>
  </testcase> <!-- cliclOnSignInLinkTest -->
  <testcase name="clickOnCreateAccountLinkTest" time="4.268" classname="com.shift.testcases.CreateAccountTest"/>
  <testcase name="sendingAcconutInfoTest" time="3.684" classname="com.shift.testcases.CreateAccountTest"/>
</testsuite> <!-- CreateAccountTest -->
