<?xml version="1.0" encoding="UTF-8"?>
<!-- Generated by org.testng.reporters.JUnitXMLReporter -->
<testsuite hostname="Mohammeds-MBP-2.home" ignored="0" name="SignIn and SignOut Test" tests="1" failures="1" timestamp="2021-02-16T22:00:29 EST" time="1.411" errors="0">
  <testcase name="signInTest" time="1.369" classname="com.shift.testcases.SignInAndSignOutTest">
    <failure type="org.openqa.selenium.ElementClickInterceptedException" message="element click intercepted: Element &amp;lt;div class=&amp;quot;Row-uds8za-0 glDPjN&amp;quot;&amp;gt;...&amp;lt;/div&amp;gt; is not clickable at point (1240, 51). Other element would receive the click: &amp;lt;input type=&amp;quot;search&amp;quot; id=&amp;quot;search&amp;quot; name=&amp;quot;searchTerm&amp;quot; autocorrect=&amp;quot;off&amp;quot; autocapitalize=&amp;quot;off&amp;quot; autocomplete=&amp;quot;off&amp;quot; value=&amp;quot;&amp;quot; placeholder=&amp;quot;Search&amp;quot; aria-label=&amp;quot;Search: suggestions appear below&amp;quot;&amp;gt;
  (Session info: chrome=88.0.4324.182)
Build info: version: &amp;apos;3.141.59&amp;apos;, revision: &amp;apos;e82be7d358&amp;apos;, time: &amp;apos;2018-11-14T08:17:03&amp;apos;
System info: host: &amp;apos;Mohammeds-MBP-2.home&amp;apos;, ip: &amp;apos;fd4b:8d38:69ba:1:c5ae:4971:e5d9:d460%en0&amp;apos;, os.name: &amp;apos;Mac OS X&amp;apos;, os.arch: &amp;apos;x86_64&amp;apos;, os.version: &amp;apos;10.14.5&amp;apos;, java.version: &amp;apos;1.8.0_231&amp;apos;
Driver info: org.openqa.selenium.chrome.ChromeDriver
Capabilities {acceptInsecureCerts: false, browserName: chrome, browserVersion: 88.0.4324.182, chrome: {chromedriverVersion: 88.0.4324.96 (68dba2d8a0b14..., userDataDir: /var/folders/hv/3z35ns6n2p7...}, goog:chromeOptions: {debuggerAddress: localhost:52442}, javascriptEnabled: true, networkConnectionEnabled: false, pageLoadStrategy: normal, platform: MAC, platformName: MAC, proxy: Proxy(), setWindowRect: true, strictFileInteractability: false, timeouts: {implicit: 0, pageLoad: 300000, script: 30000}, unhandledPromptBehavior: dismiss and notify, webauthn:extension:largeBlob: true, webauthn:virtualAuthenticators: true}
Session ID: a6cddb41d0f11ada195b3aedd9b6edb2">
      <![CDATA[org.openqa.selenium.ElementClickInterceptedException: element click intercepted: Element <div class="Row-uds8za-0 glDPjN">...</div> is not clickable at point (1240, 51). Other element would receive the click: <input type="search" id="search" name="searchTerm" autocorrect="off" autocapitalize="off" autocomplete="off" value="" placeholder="Search" aria-label="Search: suggestions appear below">
  (Session info: chrome=88.0.4324.182)
Build info: version: '3.141.59', revision: 'e82be7d358', time: '2018-11-14T08:17:03'
System info: host: 'Mohammeds-MBP-2.home', ip: 'fd4b:8d38:69ba:1:c5ae:4971:e5d9:d460%en0', os.name: 'Mac OS X', os.arch: 'x86_64', os.version: '10.14.5', java.version: '1.8.0_231'
Driver info: org.openqa.selenium.chrome.ChromeDriver
Capabilities {acceptInsecureCerts: false, browserName: chrome, browserVersion: 88.0.4324.182, chrome: {chromedriverVersion: 88.0.4324.96 (68dba2d8a0b14..., userDataDir: /var/folders/hv/3z35ns6n2p7...}, goog:chromeOptions: {debuggerAddress: localhost:52442}, javascriptEnabled: true, networkConnectionEnabled: false, pageLoadStrategy: normal, platform: MAC, platformName: MAC, proxy: Proxy(), setWindowRect: true, strictFileInteractability: false, timeouts: {implicit: 0, pageLoad: 300000, script: 30000}, unhandledPromptBehavior: dismiss and notify, webauthn:extension:largeBlob: true, webauthn:virtualAuthenticators: true}
Session ID: a6cddb41d0f11ada195b3aedd9b6edb2
at org.openqa.selenium.remote.http.W3CHttpResponseCodec.createException(W3CHttpResponseCodec.java:187)
at org.openqa.selenium.remote.http.W3CHttpResponseCodec.decode(W3CHttpResponseCodec.java:122)
at org.openqa.selenium.remote.http.W3CHttpResponseCodec.decode(W3CHttpResponseCodec.java:49)
at org.openqa.selenium.remote.HttpCommandExecutor.execute(HttpCommandExecutor.java:158)
at org.openqa.selenium.remote.service.DriverCommandExecutor.execute(DriverCommandExecutor.java:83)
at org.openqa.selenium.remote.RemoteWebDriver.execute(RemoteWebDriver.java:552)
at org.openqa.selenium.remote.RemoteWebElement.execute(RemoteWebElement.java:285)
at org.openqa.selenium.remote.RemoteWebElement.click(RemoteWebElement.java:84)
at com.shift.testcases.SignInAndSignOutTest.signInTest(SignInAndSignOutTest.java:14)
at java.util.ArrayList.forEach(ArrayList.java:1257)
... Removed 31 stack frames]]>
    </failure>
  </testcase> <!-- signInTest -->
</testsuite> <!-- SignIn and SignOut Test -->
